<?xml version="1.0" encoding="UTF-8"?>
<testsuite xmlns:xsi="http://www.w3.org/2001/XMLSchema-instance" xsi:noNamespaceSchemaLocation="https://maven.apache.org/surefire/maven-surefire-plugin/xsd/surefire-test-report.xsd" version="3.0.2" name="ee.anton.quizgame.QuestionTest" time="0.078" tests="4" errors="0" skipped="0" failures="0">
  <properties>
[...]
</properties>
  <testcase name="inputAnswer_numericAndLetter_correctWhen1Based" classname="ee.anton.quizgame.QuestionTest" time="0.026"/>
  <testcase name="inputAnswer_invalidFormat_returnsFalse" classname="ee.anton.quizgame.QuestionTest" time="0.0"/>
  <testcase name="inputAnswer_letterUppercase_correctWhen1Based" classname="ee.anton.quizgame.QuestionTest" time="0.0"/>
  <testcase name="inputAnswer_zeroBased_correctWhen0Based" classname="ee.anton.quizgame.QuestionTest" time="0.0"/>
</testsuite>